<?xml version="1.0" encoding="UTF-8"?>
<!-- Generated by org.testng.reporters.JUnitReportReporter -->
<testsuite hostname="DESKTOP-JNM1QD6" failures="0" tests="8" name="testSuiteRest.TestRestLogin" time="1.481" errors="0" timestamp="2020-01-25T22:35:16 MSK" skipped="0">
  <testcase classname="testSuiteRest.TestRestLogin" name="testLoginRest" time="0.058"/>
  <testcase classname="testSuiteRest.TestRestLogin" name="testLoginRest" time="1.266"/>
  <testcase classname="testSuiteRest.TestRestLogin" name="testLoginRest" time="0.006"/>
  <testcase classname="testSuiteRest.TestRestLogin" name="testLoginRest" time="0.011"/>
  <testcase classname="testSuiteRest.TestRestLogin" name="testLoginRest" time="0.040"/>
  <testcase classname="testSuiteRest.TestRestLogin" name="testLoginRest" time="0.028"/>
  <testcase classname="testSuiteRest.TestRestLogin" name="testLoginRest" time="0.052"/>
  <testcase classname="testSuiteRest.TestRestLogin" name="testLoginRest" time="0.020"/>
</testsuite> <!-- testSuiteRest.TestRestLogin -->
