<?xml version="1.0" encoding="UTF-8"?>
<!-- Generated by org.testng.reporters.JUnitReportReporter -->
<testsuite hostname="DESKTOP-JNM1QD6" failures="0" tests="2" name="testSuiteUi.TestUiLogout" time="6.453" errors="0" timestamp="2020-01-25T22:35:16 MSK" skipped="0">
  <testcase classname="testSuiteUi.TestUiLogout" name="testLogoutUi" time="3.256"/>
  <testcase classname="testSuiteUi.TestUiLogout" name="testLogoutUi" time="3.197"/>
</testsuite> <!-- testSuiteUi.TestUiLogout -->
