<?xml version="1.0" encoding="UTF-8"?>
<!-- Generated by org.testng.reporters.JUnitReportReporter -->
<testsuite hostname="DESKTOP-JNM1QD6" failures="0" tests="4" name="testSuiteRest.TestRestRemove" time="0.062" errors="0" timestamp="2020-01-25T22:35:16 MSK" skipped="0">
  <testcase classname="testSuiteRest.TestRestRemove" name="testRestRemove" time="0.026"/>
  <testcase classname="testSuiteRest.TestRestRemove" name="testRestInsertNegative" time="0.011"/>
  <testcase classname="testSuiteRest.TestRestRemove" name="testRestRemove" time="0.012"/>
  <testcase classname="testSuiteRest.TestRestRemove" name="testRestInsertNegative" time="0.013"/>
</testsuite> <!-- testSuiteRest.TestRestRemove -->
