<?xml version="1.0" encoding="UTF-8"?>
<!-- Generated by org.testng.reporters.JUnitReportReporter -->
<testsuite hostname="DESKTOP-JNM1QD6" failures="0" tests="4" name="testSuiteRest.TestRestInsert" time="0.229" errors="0" timestamp="2020-01-25T22:35:16 MSK" skipped="0">
  <testcase classname="testSuiteRest.TestRestInsert" name="testRestInsertNegative" time="0.012"/>
  <testcase classname="testSuiteRest.TestRestInsert" name="testRestInsertPositive" time="0.029"/>
  <testcase classname="testSuiteRest.TestRestInsert" name="testRestInsertNegative" time="0.172"/>
  <testcase classname="testSuiteRest.TestRestInsert" name="testRestInsertPositive" time="0.016"/>
</testsuite> <!-- testSuiteRest.TestRestInsert -->
