<?xml version="1.0" encoding="UTF-8"?>
<!-- Generated by org.testng.reporters.JUnitReportReporter -->
<testsuite hostname="DESKTOP-JNM1QD6" failures="0" tests="4" name="testSuiteUi.TestUiInsert" time="17.524" errors="0" timestamp="2020-01-25T22:35:16 MSK" skipped="0">
  <testcase classname="testSuiteUi.TestUiInsert" name="testPositiveInsertUi" time="4.415"/>
  <testcase classname="testSuiteUi.TestUiInsert" name="testNegativeInsertUi" time="4.500"/>
  <testcase classname="testSuiteUi.TestUiInsert" name="testPositiveInsertUi" time="4.309"/>
  <testcase classname="testSuiteUi.TestUiInsert" name="testNegativeInsertUi" time="4.300"/>
</testsuite> <!-- testSuiteUi.TestUiInsert -->
