<?xml version="1.0" encoding="UTF-8"?>
<!-- Generated by org.testng.reporters.JUnitReportReporter -->
<testsuite hostname="DESKTOP-JNM1QD6" failures="0" tests="8" name="testSuiteUi.TestUiLogin" time="19.380" errors="0" timestamp="2020-01-25T22:35:16 MSK" skipped="0">
  <testcase classname="testSuiteUi.TestUiLogin" name="testLogin" time="2.132"/>
  <testcase classname="testSuiteUi.TestUiLogin" name="testLogin" time="2.113"/>
  <testcase classname="testSuiteUi.TestUiLogin" name="testLogin" time="3.160"/>
  <testcase classname="testSuiteUi.TestUiLogin" name="testLogin" time="2.245"/>
  <testcase classname="testSuiteUi.TestUiLogin" name="testLogin" time="2.173"/>
  <testcase classname="testSuiteUi.TestUiLogin" name="testLogin" time="3.205"/>
  <testcase classname="testSuiteUi.TestUiLogin" name="testLogin" time="2.181"/>
  <testcase classname="testSuiteUi.TestUiLogin" name="testLogin" time="2.171"/>
</testsuite> <!-- testSuiteUi.TestUiLogin -->
