<?xml version="1.0" encoding="UTF-8"?>
<!-- Generated by org.testng.reporters.JUnitReportReporter -->
<testsuite hostname="DESKTOP-JNM1QD6" failures="0" tests="2" name="testSuiteUi.TestUiRemove" time="8.636" errors="0" timestamp="2020-01-25T22:35:16 MSK" skipped="0">
  <testcase classname="testSuiteUi.TestUiRemove" name="testPositiveRemoveUi" time="4.285"/>
  <testcase classname="testSuiteUi.TestUiRemove" name="testPositiveRemoveUi" time="4.351"/>
</testsuite> <!-- testSuiteUi.TestUiRemove -->
