<?xml version="1.0" encoding="UTF-8"?>
<!-- Generated by org.testng.reporters.JUnitReportReporter -->
<testsuite hostname="DESKTOP-JNM1QD6" failures="0" tests="3" name="testSuiteRest.TestRestGetAll" time="0.054" errors="0" timestamp="2020-01-25T22:35:16 MSK" skipped="0">
  <testcase classname="testSuiteRest.TestRestGetAll" name="testRestGetAll" time="0.028"/>
  <testcase classname="testSuiteRest.TestRestGetAll" name="testRestGetAll" time="0.010"/>
  <testcase classname="testSuiteRest.TestRestGetAll" name="testRestInsertNegative" time="0.016"/>
</testsuite> <!-- testSuiteRest.TestRestGetAll -->
