<?xml version="1.0" encoding="UTF-8"?>
<!-- Generated by org.testng.reporters.JUnitReportReporter -->
<testsuite hostname="DESKTOP-JNM1QD6" failures="0" tests="2" name="testSuiteRest.TestRestLogout" time="0.102" errors="0" timestamp="2020-01-25T22:35:16 MSK" skipped="0">
  <testcase classname="testSuiteRest.TestRestLogout" name="testRestLogout" time="0.069"/>
  <testcase classname="testSuiteRest.TestRestLogout" name="testRestLogout" time="0.033"/>
</testsuite> <!-- testSuiteRest.TestRestLogout -->
